<?xml version="1.0" encoding="UTF-8"?>
<!-- Generated by org.testng.reporters.JUnitXMLReporter -->
<testsuite ignored="0" hostname="YBARTASH-NB" failures="0" tests="2" name="Guest user by Credit card" time="115.126" errors="0" timestamp="2023-12-18T15:50:59 EET">
  <testcase classname="Boohoo.BHM.tests.GuestOrderPlacementByCardTest" name="placeOrderGuestCard" time="58.403"/>
  <testcase classname="Boohoo.BHM.tests.GuestOrderPlacementByCardTest" name="placeOrderGuestCard" time="43.732"/>
</testsuite> <!-- Guest user by Credit card -->
