<?xml version="1.0" encoding="UTF-8"?>
<!-- Generated by org.testng.reporters.JUnitXMLReporter -->
<testsuite ignored="0" hostname="YBARTASH-NB" failures="0" tests="2" name="Guest user by Credit card" time="110.778" errors="0" timestamp="2023-12-15T19:19:57 EET">
  <testcase classname="Boohoo.BHM.tests.GuestOrderPlacementByCardTest" name="placeOrderGuestCard" time="46.208"/>
  <testcase classname="Boohoo.BHM.tests.GuestOrderPlacementByCardTest" name="placeOrderGuestCard" time="47.503"/>
</testsuite> <!-- Guest user by Credit card -->
