<?xml version="1.0" encoding="UTF-8"?>
<!-- Generated by org.testng.reporters.JUnitXMLReporter -->
<testsuite ignored="0" hostname="YBARTASH-NB" failures="2" tests="2" name="Registred user with saved cards and addresses" time="18.636" errors="0" timestamp="2023-12-19T12:23:45 EET">
  <testcase classname="Boohoo.BHM.tests.RegistredBySavedCCSavedAddress" name="placeOrderRegestredCard" time="3.742">
    <failure type="java.lang.AssertionError" message="expected [true] but found [false]">
      <![CDATA[java.lang.AssertionError: expected [true] but found [false]
at Boohoo.BHM.tests.RegistredBySavedCCSavedAddress.placeOrderRegestredCard(RegistredBySavedCCSavedAddress.java:24)
at java.base/java.util.ArrayList.forEach(ArrayList.java:1511)
... Removed 31 stack frames]]>
    </failure>
  </testcase> <!-- placeOrderRegestredCard -->
  <testcase classname="Boohoo.BHM.tests.RegistredBySavedCCSavedAddress" name="placeOrderRegestredCard" time="3.948">
    <failure type="java.lang.AssertionError" message="expected [true] but found [false]">
      <![CDATA[java.lang.AssertionError: expected [true] but found [false]
at Boohoo.BHM.tests.RegistredBySavedCCSavedAddress.placeOrderRegestredCard(RegistredBySavedCCSavedAddress.java:24)
at java.base/java.util.ArrayList.forEach(ArrayList.java:1511)
... Removed 31 stack frames]]>
    </failure>
  </testcase> <!-- placeOrderRegestredCard -->
</testsuite> <!-- Registred user with saved cards and addresses -->
