<?xml version="1.0" encoding="UTF-8"?>
<testng-results ignored="0" total="2" passed="1" failed="1" skipped="0">
  <reporter-output>
  </reporter-output>
  <suite started-at="2023-12-13T18:53:03 EET" name="Default suite" finished-at="2023-12-13T18:55:09 EET" duration-ms="125966">
    <groups>
      <group name="GuestUser">
        <method signature="GuestOrderPlacementByCardTest.placeOrderGuestCard(java.util.HashMap)[pri:0, instance:Boohoo.BHM.tests.GuestOrderPlacementByCardTest@272113c4]" name="placeOrderGuestCard" class="Boohoo.BHM.tests.GuestOrderPlacementByCardTest"/>
      </group> <!-- GuestUser -->
      <group name="Regression">
        <method signature="GuestOrderPlacementByCardTest.placeOrderGuestCard(java.util.HashMap)[pri:0, instance:Boohoo.BHM.tests.GuestOrderPlacementByCardTest@272113c4]" name="placeOrderGuestCard" class="Boohoo.BHM.tests.GuestOrderPlacementByCardTest"/>
      </group> <!-- Regression -->
      <group name="Smoke">
        <method signature="GuestOrderPlacementByCardTest.placeOrderGuestCard(java.util.HashMap)[pri:0, instance:Boohoo.BHM.tests.GuestOrderPlacementByCardTest@272113c4]" name="placeOrderGuestCard" class="Boohoo.BHM.tests.GuestOrderPlacementByCardTest"/>
      </group> <!-- Smoke -->
    </groups>
    <test started-at="2023-12-13T18:53:03 EET" name="Default test" finished-at="2023-12-13T18:55:09 EET" duration-ms="125966">
      <class name="Boohoo.BHM.tests.GuestOrderPlacementByCardTest">
        <test-method is-config="true" signature="lunchWebSite()[pri:0, instance:Boohoo.BHM.tests.GuestOrderPlacementByCardTest@272113c4]" started-at="2023-12-13T18:53:03 EET" name="lunchWebSite" finished-at="2023-12-13T18:53:11 EET" duration-ms="7178" status="PASS">
          <reporter-output>
          </reporter-output>
        </test-method> <!-- lunchWebSite -->
        <test-method signature="placeOrderGuestCard(java.util.HashMap)[pri:0, instance:Boohoo.BHM.tests.GuestOrderPlacementByCardTest@272113c4]" started-at="2023-12-13T18:53:11 EET" name="placeOrderGuestCard" data-provider="getData" finished-at="2023-12-13T18:54:00 EET" duration-ms="49415" status="PASS">
          <params>
            <param index="0">
              <value>
                <![CDATA[{cvc=737, country=Deutschland, cartNumber=4111111111111111, userPassword=Test1234, city=Berlin, address1=Abbestr. 2-12, userEmail1=y.bartash+de73@astoundcommerce.com, postal=10587, cartName=Visa, expDate=0330, confirmationMessage=DANKE FÜR DEINE BESTELLUNG}]]>
              </value>
            </param>
          </params>
          <reporter-output>
          </reporter-output>
        </test-method> <!-- placeOrderGuestCard -->
        <test-method is-config="true" signature="tearDown()[pri:0, instance:Boohoo.BHM.tests.GuestOrderPlacementByCardTest@272113c4]" started-at="2023-12-13T18:54:00 EET" name="tearDown" finished-at="2023-12-13T18:54:00 EET" duration-ms="154" status="PASS">
          <reporter-output>
          </reporter-output>
        </test-method> <!-- tearDown -->
        <test-method is-config="true" signature="lunchWebSite()[pri:0, instance:Boohoo.BHM.tests.GuestOrderPlacementByCardTest@272113c4]" started-at="2023-12-13T18:54:00 EET" name="lunchWebSite" finished-at="2023-12-13T18:54:06 EET" duration-ms="6284" status="PASS">
          <reporter-output>
          </reporter-output>
        </test-method> <!-- lunchWebSite -->
        <test-method signature="placeOrderGuestCard(java.util.HashMap)[pri:0, instance:Boohoo.BHM.tests.GuestOrderPlacementByCardTest@272113c4]" started-at="2023-12-13T18:54:06 EET" name="placeOrderGuestCard" data-provider="getData" finished-at="2023-12-13T18:55:09 EET" duration-ms="62580" status="FAIL">
          <params>
            <param index="0">
              <value>
                <![CDATA[{cvc=737, country=Deutschland, cartNumber=5555 3412 4444 1115, userPassword=Test1234, city=Berlin, address1=Abbestr. 2-12, userEmail1=y.bartash+de73@astoundcommerce.com, postal=10587, cartName=Master Card, expDate=0330, confirmationMessage=DANKE FÜR DEINE BESTELLUNG}]]>
              </value>
            </param>
          </params>
          <exception class="org.openqa.selenium.TimeoutException">
            <message>
              <![CDATA[Expected condition failed: waiting for visibility of Proxy element for: DefaultElementLocator 'By.cssSelector: .confirmation-message-title' (tried for 10 second(s) with 500 milliseconds interval)]]>
            </message>
            <full-stacktrace>
              <![CDATA[org.openqa.selenium.TimeoutException: Expected condition failed: waiting for visibility of Proxy element for: DefaultElementLocator 'By.cssSelector: .confirmation-message-title' (tried for 10 second(s) with 500 milliseconds interval)
at org.openqa.selenium.support.ui.WebDriverWait.timeoutException(WebDriverWait.java:84)
at org.openqa.selenium.support.ui.FluentWait.until(FluentWait.java:229)
at Boohoo.BHM.AbstractComponents.AbstractComponent.waitForElementtoAppear(AbstractComponent.java:102)
at Boohoo.BHM.pageobjects.ConfirmationPage.assertConfirmationMessage(ConfirmationPage.java:28)
at Boohoo.BHM.tests.GuestOrderPlacementByCardTest.placeOrderGuestCard(GuestOrderPlacementByCardTest.java:50)
at java.base/jdk.internal.reflect.NativeMethodAccessorImpl.invoke0(Native Method)
at java.base/jdk.internal.reflect.NativeMethodAccessorImpl.invoke(NativeMethodAccessorImpl.java:77)
at java.base/jdk.internal.reflect.DelegatingMethodAccessorImpl.invoke(DelegatingMethodAccessorImpl.java:43)
at java.base/java.lang.reflect.Method.invoke(Method.java:568)
at org.testng.internal.invokers.MethodInvocationHelper.invokeMethod(MethodInvocationHelper.java:139)
at org.testng.internal.invokers.TestInvoker.invokeMethod(TestInvoker.java:664)
at org.testng.internal.invokers.TestInvoker.invokeTestMethod(TestInvoker.java:227)
at org.testng.internal.invokers.MethodRunner.runInSequence(MethodRunner.java:50)
at org.testng.internal.invokers.TestInvoker$MethodInvocationAgent.invoke(TestInvoker.java:957)
at org.testng.internal.invokers.TestInvoker.invokeTestMethods(TestInvoker.java:200)
at org.testng.internal.invokers.TestMethodWorker.invokeTestMethods(TestMethodWorker.java:148)
at org.testng.internal.invokers.TestMethodWorker.run(TestMethodWorker.java:128)
at java.base/java.util.ArrayList.forEach(ArrayList.java:1511)
at org.testng.TestRunner.privateRun(TestRunner.java:848)
at org.testng.TestRunner.run(TestRunner.java:621)
at org.testng.SuiteRunner.runTest(SuiteRunner.java:443)
at org.testng.SuiteRunner.runSequentially(SuiteRunner.java:437)
at org.testng.SuiteRunner.privateRun(SuiteRunner.java:397)
at org.testng.SuiteRunner.run(SuiteRunner.java:336)
at org.testng.SuiteRunnerWorker.runSuite(SuiteRunnerWorker.java:52)
at org.testng.SuiteRunnerWorker.run(SuiteRunnerWorker.java:95)
at org.testng.TestNG.runSuitesSequentially(TestNG.java:1280)
at org.testng.TestNG.runSuitesLocally(TestNG.java:1200)
at org.testng.TestNG.runSuites(TestNG.java:1114)
at org.testng.TestNG.run(TestNG.java:1082)
at org.testng.remote.AbstractRemoteTestNG.run(AbstractRemoteTestNG.java:115)
at org.testng.remote.RemoteTestNG.initAndRun(RemoteTestNG.java:251)
at org.testng.remote.RemoteTestNG.main(RemoteTestNG.java:77)
Caused by: org.openqa.selenium.NoSuchElementException: no such element: Unable to locate element: {"method":"css selector","selector":".confirmation-message-title"}
  (Session info: chrome=120.0.6099.71)
For documentation on this error, please visit: https://www.selenium.dev/documentation/webdriver/troubleshooting/errors#no-such-element-exception
Build info: version: '4.15.0', revision: '1d14b5521b'
System info: os.name: 'Windows 10', os.arch: 'amd64', os.version: '10.0', java.version: '17.0.8.1'
Driver info: org.openqa.selenium.chrome.ChromeDriver
Command: [76cbd79a0f900e6d6575ef933a2310bb, findElement {using=css selector, value=.confirmation-message-title}]
Capabilities {acceptInsecureCerts: false, browserName: chrome, browserVersion: 120.0.6099.71, chrome: {chromedriverVersion: 120.0.6099.71 (9729082fe617..., userDataDir: C:\Users\YDB8E~1.BAR\AppDat...}, fedcm:accounts: true, goog:chromeOptions: {debuggerAddress: localhost:54444}, networkConnectionEnabled: false, pageLoadStrategy: normal, platformName: windows, proxy: Proxy(), se:cdp: ws://localhost:54444/devtoo..., se:cdpVersion: 120.0.6099.71, setWindowRect: true, strictFileInteractability: false, timeouts: {implicit: 0, pageLoad: 300000, script: 30000}, unhandledPromptBehavior: dismiss and notify, webauthn:extension:credBlob: true, webauthn:extension:largeBlob: true, webauthn:extension:minPinLength: true, webauthn:extension:prf: true, webauthn:virtualAuthenticators: true}
Session ID: 76cbd79a0f900e6d6575ef933a2310bb
at java.base/jdk.internal.reflect.NativeConstructorAccessorImpl.newInstance0(Native Method)
at java.base/jdk.internal.reflect.NativeConstructorAccessorImpl.newInstance(NativeConstructorAccessorImpl.java:77)
at java.base/jdk.internal.reflect.DelegatingConstructorAccessorImpl.newInstance(DelegatingConstructorAccessorImpl.java:45)
at java.base/java.lang.reflect.Constructor.newInstanceWithCaller(Constructor.java:499)
at java.base/java.lang.reflect.Constructor.newInstance(Constructor.java:480)
at org.openqa.selenium.remote.codec.w3c.W3CHttpResponseCodec.createException(W3CHttpResponseCodec.java:200)
at org.openqa.selenium.remote.codec.w3c.W3CHttpResponseCodec.decode(W3CHttpResponseCodec.java:133)
at org.openqa.selenium.remote.codec.w3c.W3CHttpResponseCodec.decode(W3CHttpResponseCodec.java:52)
at org.openqa.selenium.remote.HttpCommandExecutor.execute(HttpCommandExecutor.java:191)
at org.openqa.selenium.remote.service.DriverCommandExecutor.invokeExecute(DriverCommandExecutor.java:200)
at org.openqa.selenium.remote.service.DriverCommandExecutor.execute(DriverCommandExecutor.java:175)
at org.openqa.selenium.remote.RemoteWebDriver.execute(RemoteWebDriver.java:607)
at org.openqa.selenium.remote.ElementLocation$ElementFinder$2.findElement(ElementLocation.java:165)
at org.openqa.selenium.remote.ElementLocation.findElement(ElementLocation.java:59)
at org.openqa.selenium.remote.RemoteWebDriver.findElement(RemoteWebDriver.java:364)
at org.openqa.selenium.remote.RemoteWebDriver.findElement(RemoteWebDriver.java:358)
at org.openqa.selenium.support.pagefactory.DefaultElementLocator.findElement(DefaultElementLocator.java:68)
at org.openqa.selenium.support.pagefactory.internal.LocatingElementHandler.invoke(LocatingElementHandler.java:38)
at jdk.proxy2/jdk.proxy2.$Proxy14.isDisplayed(Unknown Source)
at org.openqa.selenium.support.ui.ExpectedConditions.elementIfVisible(ExpectedConditions.java:304)
at org.openqa.selenium.support.ui.ExpectedConditions$10.apply(ExpectedConditions.java:290)
at org.openqa.selenium.support.ui.ExpectedConditions$10.apply(ExpectedConditions.java:287)
at org.openqa.selenium.support.ui.FluentWait.until(FluentWait.java:204)
... 31 more
]]>
            </full-stacktrace>
          </exception> <!-- org.openqa.selenium.TimeoutException -->
          <reporter-output>
          </reporter-output>
        </test-method> <!-- placeOrderGuestCard -->
        <test-method is-config="true" signature="tearDown()[pri:0, instance:Boohoo.BHM.tests.GuestOrderPlacementByCardTest@272113c4]" started-at="2023-12-13T18:55:09 EET" name="tearDown" finished-at="2023-12-13T18:55:09 EET" duration-ms="122" status="PASS">
          <reporter-output>
          </reporter-output>
        </test-method> <!-- tearDown -->
      </class> <!-- Boohoo.BHM.tests.GuestOrderPlacementByCardTest -->
    </test> <!-- Default test -->
  </suite> <!-- Default suite -->
</testng-results>
